<?xml version="1.0" encoding="UTF-8"?>
<!-- Generated by org.testng.reporters.JUnitReportReporter -->
<testsuite hostname="RPSPLDP1-35" failures="0" tests="1" name="TriseptClass" time="56.099" errors="0" timestamp="18 Mar 2020 08:57:49 GMT">
  <testcase classname="TriseptClass" name="RecommendedDropdown" time="56.099"/>
</testsuite> <!-- TriseptClass -->
